current directory: /Users/jmurray5761/RubymineProjects/ruby-dam/gems/io-console-0.7.2/ext/io/console
/Users/jmurray5761/.rbenv/versions/3.3.0/bin/ruby extconf.rb
checking for rb_io_path()... yes
checking for rb_io_descriptor()... yes
checking for rb_io_get_write_io()... yes
checking for rb_io_closed_p()... yes
checking for rb_io_open_descriptor()... yes
checking for termios.h... yes
checking for cfmakeraw() in termios.h... yes
checking for sys/ioctl.h... yes
checking for HAVE_RUBY_FIBER_SCHEDULER_H... yes
creating Makefile

current directory: /Users/jmurray5761/RubymineProjects/ruby-dam/gems/io-console-0.7.2/ext/io/console
make DESTDIR\= sitearchdir\=./.gem.20240503-51779-fxxzzl sitelibdir\=./.gem.20240503-51779-fxxzzl clean

current directory: /Users/jmurray5761/RubymineProjects/ruby-dam/gems/io-console-0.7.2/ext/io/console
make DESTDIR\= sitearchdir\=./.gem.20240503-51779-fxxzzl sitelibdir\=./.gem.20240503-51779-fxxzzl
compiling console.c
linking shared-object io/console.bundle

current directory: /Users/jmurray5761/RubymineProjects/ruby-dam/gems/io-console-0.7.2/ext/io/console
make DESTDIR\= sitearchdir\=./.gem.20240503-51779-fxxzzl sitelibdir\=./.gem.20240503-51779-fxxzzl install
/usr/bin/install -c -m 0755 console.bundle ./.gem.20240503-51779-fxxzzl/io

current directory: /Users/jmurray5761/RubymineProjects/ruby-dam/gems/io-console-0.7.2/ext/io/console
make DESTDIR\= sitearchdir\=./.gem.20240503-51779-fxxzzl sitelibdir\=./.gem.20240503-51779-fxxzzl clean
